<?xml version="1.0" encoding="UTF-8" ?>
<testsuite failures="0" time="0.003" errors="0" skipped="0" tests="1" name="com.readailib.AppTest">
  <properties>
    <property name="idea.version" value="2017.3.5"/>
    <property name="java.runtime.name" value="Java(TM) SE Runtime Environment"/>
    <property name="sun.boot.library.path" value="E:\Program Files\Java\jdk1.7.0_67\jre\bin"/>
    <property name="java.vm.version" value="24.65-b04"/>
    <property name="java.vm.vendor" value="Oracle Corporation"/>
    <property name="maven.multiModuleProjectDirectory" value="F:\06_workshop\0329\hadoop"/>
    <property name="java.vendor.url" value="http://java.oracle.com/"/>
    <property name="path.separator" value=";"/>
    <property name="guice.disable.misplaced.annotation.check" value="true"/>
    <property name="java.vm.name" value="Java HotSpot(TM) 64-Bit Server VM"/>
    <property name="file.encoding.pkg" value="sun.io"/>
    <property name="user.script" value=""/>
    <property name="user.country" value="CN"/>
    <property name="sun.java.launcher" value="SUN_STANDARD"/>
    <property name="sun.os.patch.level" value=""/>
    <property name="java.vm.specification.name" value="Java Virtual Machine Specification"/>
    <property name="user.dir" value="F:\06_workshop\0329\hadoop"/>
    <property name="java.runtime.version" value="1.7.0_67-b01"/>
    <property name="java.awt.graphicsenv" value="sun.awt.Win32GraphicsEnvironment"/>
    <property name="java.endorsed.dirs" value="E:\Program Files\Java\jdk1.7.0_67\jre\lib\endorsed"/>
    <property name="os.arch" value="amd64"/>
    <property name="java.io.tmpdir" value="C:\Users\Shine\AppData\Local\Temp\"/>
    <property name="line.separator" value="
"/>
    <property name="java.vm.specification.vendor" value="Oracle Corporation"/>
    <property name="user.variant" value=""/>
    <property name="os.name" value="Windows 8.1"/>
    <property name="classworlds.conf" value="F:\06_workshop\maven\apache-maven-3.5.3\bin\m2.conf"/>
    <property name="sun.jnu.encoding" value="GBK"/>
    <property name="java.library.path" value="E:\Program Files\Java\jdk1.7.0_67\bin;C:\WINDOWS\Sun\Java\bin;C:\WINDOWS\system32;C:\WINDOWS;E:\app\Shine\product\11.2.0\dbhome_1\bin;D:\Program Files\R\Rtools\bin;D:\Program Files\R\Rtools\mingw_32\bin;C:\Program Files\Docker\Docker\Resources\bin;C:\ProgramData\Oracle\Java\javapath;C:\Program Files\NVIDIA GPU Computing Toolkit\CUDA\v8.0\bin;C:\Program Files\NVIDIA GPU Computing Toolkit\CUDA\v8.0\libnvvp;C:\Windows\system32;C:\Windows;C:\Windows\System32\Wbem;C:\Windows\System32\WindowsPowerShell\v1.0\;C:\Program Files (x86)\NVIDIA Corporation\PhysX\Common;C:\Program Files\NVIDIA GPU Computing Toolkit\CUDA\v8.0\extras\CUPTI\libx64;C:\Program Files\NVIDIA GPU Computing Toolkit\CUDA\v8.0\lib\x64;C:\Program Files\Git\cmd;C:\Program Files\MySQL\MySQL Utilities 1.6\;E:\MongoDB\Server\3.4\bin;E:\Program Files\Java\jdk1.8.0_131\bin;C:\Program Files (x86)\GtkSharp\2.12\bin;E:\Program Files (x86)\sbt\bin;D:\Program Files\Java\jre7\bin;E:\Program Files\Java\jdk1.7.0_67\bin;C:\Program Files\MySQL\MySQL Server 5.7\bin;D:\Program Files (x86)\Pandoc\;;C:\WINDOWS\system32;C:\WINDOWS;C:\WINDOWS\System32\Wbem;C:\WINDOWS\System32\WindowsPowerShell\v1.0\;E:\Program Files\nodejs\;E:\Program Files (x86)\scala\bin;C:\Users\Shine\Anaconda3;C:\Users\Shine\Anaconda3\Library\mingw-w64\bin;C:\Users\Shine\Anaconda3\Library\usr\bin;C:\Users\Shine\Anaconda3\Library\bin;C:\Users\Shine\Anaconda3\Scripts;C:\Users\Shine\AppData\Local\Microsoft\WindowsApps;C:\Users\Shine\Downloads\cmder_mini;C:\Program Files\NVIDIA GPU Computing Toolkit\CUDA\v8.0\bin;E:\MongoDB\Server\3.4\bin;E:\用户目录\下载\chromedriver_win32;C:\Us;rs\Shine\Downloads\phantomjs-2.1.1-windows\bin;C:\Users\Shine\Anaconda3\envs\spider;C:\Users\Shine\Anaconda3\envs\spider\Lib\site-packages;D:\Program Files (x86)\Pandoc\;E:\MiKTeX 2.9\miktex\bin\x64\;C:\Users\Shine\AppData\Local\Microsoft\WindowsApps;C:\Users\Shine\AppData\Roaming\npm;E:\Program Files\Java\jdk1.8.0_131\lib;F:\06_workshop\maven\apache-maven-3.5.3\bin;F:\06_workshop\gradle\gradle-4.6-bin\gradle-4.6\bin;;."/>
    <property name="maven.conf" value="F:\06_workshop\maven\apache-maven-3.5.3/conf"/>
    <property name="java.specification.name" value="Java Platform API Specification"/>
    <property name="java.class.version" value="51.0"/>
    <property name="sun.management.compiler" value="HotSpot 64-Bit Tiered Compilers"/>
    <property name="maven.repo.local" value="F:\06_workshop\maven\repository"/>
    <property name="os.version" value="6.3"/>
    <property name="user.home" value="C:\Users\Shine"/>
    <property name="user.timezone" value="Asia/Shanghai"/>
    <property name="java.awt.printerjob" value="sun.awt.windows.WPrinterJob"/>
    <property name="java.specification.version" value="1.7"/>
    <property name="file.encoding" value="UTF-8"/>
    <property name="user.name" value="Shine"/>
    <property name="java.class.path" value="F:\06_workshop\maven\apache-maven-3.5.3\boot\plexus-classworlds-2.5.2.jar;C:\Program Files\JetBrains\IntelliJ IDEA 2017.3.5\lib\idea_rt.jar"/>
    <property name="java.vm.specification.version" value="1.7"/>
    <property name="sun.arch.data.model" value="64"/>
    <property name="java.home" value="E:\Program Files\Java\jdk1.7.0_67\jre"/>
    <property name="sun.java.command" value="org.codehaus.classworlds.Launcher -Didea.version=2017.3.5 -s C:\Users\Shine\.m2\settings.xml -Dmaven.repo.local=F:\06_workshop\maven\repository package"/>
    <property name="java.specification.vendor" value="Oracle Corporation"/>
    <property name="user.language" value="zh"/>
    <property name="awt.toolkit" value="sun.awt.windows.WToolkit"/>
    <property name="java.vm.info" value="mixed mode"/>
    <property name="java.version" value="1.7.0_67"/>
    <property name="java.ext.dirs" value="E:\Program Files\Java\jdk1.7.0_67\jre\lib\ext;C:\WINDOWS\Sun\Java\lib\ext"/>
    <property name="sun.boot.class.path" value="E:\Program Files\Java\jdk1.7.0_67\jre\lib\resources.jar;E:\Program Files\Java\jdk1.7.0_67\jre\lib\rt.jar;E:\Program Files\Java\jdk1.7.0_67\jre\lib\sunrsasign.jar;E:\Program Files\Java\jdk1.7.0_67\jre\lib\jsse.jar;E:\Program Files\Java\jdk1.7.0_67\jre\lib\jce.jar;E:\Program Files\Java\jdk1.7.0_67\jre\lib\charsets.jar;E:\Program Files\Java\jdk1.7.0_67\jre\lib\jfr.jar;E:\Program Files\Java\jdk1.7.0_67\jre\classes"/>
    <property name="java.vendor" value="Oracle Corporation"/>
    <property name="maven.home" value="F:\06_workshop\maven\apache-maven-3.5.3"/>
    <property name="file.separator" value="\"/>
    <property name="java.vendor.url.bug" value="http://bugreport.sun.com/bugreport/"/>
    <property name="sun.cpu.endian" value="little"/>
    <property name="sun.io.unicode.encoding" value="UnicodeLittle"/>
    <property name="sun.desktop" value="windows"/>
    <property name="sun.cpu.isalist" value="amd64"/>
  </properties>
  <testcase time="0.003" classname="com.readailib.AppTest" name="testApp"/>
</testsuite>